2026.04.25 13:57:13 INFO  Started: Metals version 1.6.7 in folders 'C:\Users\Mac Calimba\Documents\GitHub\Project-DiskSched' for client Visual Studio Code 1.116.0.
2026.04.25 13:57:13 INFO  Memory monitor started
2026.04.25 13:57:16 WARN  Using H2 2.4.240 which is newer than the version Flyway has been verified with. The latest verified version of H2 is 2.3.232.
2026.04.25 13:57:16 INFO  no build target found for C:\Users\Mac Calimba\Documents\GitHub\Project-DiskSched\src\algorithm\CSCAN.java. Using fallback presentation compiler.
Apr 25, 2026 1:57:18 PM org.eclipse.lsp4j.jsonrpc.RemoteEndpoint handleCancellation
WARNING: Unmatched cancel notification for request id 5
Apr 25, 2026 1:57:18 PM org.eclipse.lsp4j.jsonrpc.RemoteEndpoint handleCancellation
WARNING: Unmatched cancel notification for request id 2
Apr 25, 2026 1:57:18 PM org.eclipse.lsp4j.jsonrpc.RemoteEndpoint handleCancellation
WARNING: Unmatched cancel notification for request id 1
2026.04.25 13:57:18 INFO  no build target found for C:\Users\Mac Calimba\Documents\GitHub\Project-DiskSched\src\algorithm\CSCAN.java. Using fallback presentation compiler.
2026.04.25 13:57:18 WARN  no build tool detected in workspace 'C:\Users\Mac Calimba\Documents\GitHub\Project-DiskSched'. The most common cause for this problem is that the editor was opened in the wrong working directory, for example if you use sbt then the workspace directory should contain build.sbt. 
2026.04.25 13:57:19 WARN  Build server is not auto-connectable.
2026.04.25 13:57:19 WARN  no build target for: C:\Users\Mac Calimba\Documents\GitHub\Project-DiskSched\src\algorithm\CSCAN.java
2026.04.25 13:57:22 WARN  Running javac-semanticdb failed for file:///C:/Users/Mac%20Calimba/Documents/GitHub/Project-DiskSched/src/algorithm/CSCAN.java. Output:

2026.04.25 13:57:22 INFO  time: code lens generation in 2.97s
2026.04.25 13:57:26 INFO  no build target found for C:\Users\Mac Calimba\Documents\GitHub\Project-DiskSched\src\algorithm\CSCAN.java. Using fallback presentation compiler.
2026.04.25 13:57:26 WARN  no build target for: C:\Users\Mac Calimba\Documents\GitHub\Project-DiskSched\src\algorithm\CLOOK.java
2026.04.25 13:57:26 INFO  no build target found for C:\Users\Mac Calimba\Documents\GitHub\Project-DiskSched\src\algorithm\CLOOK.java. Using fallback presentation compiler.
2026.04.25 13:57:27 INFO  no build target found for C:\Users\Mac Calimba\Documents\GitHub\Project-DiskSched\src\algorithm\CLOOK.java. Using fallback presentation compiler.
2026.04.25 13:57:26 INFO  no build target found for C:\Users\Mac Calimba\Documents\GitHub\Project-DiskSched\src\algorithm\CLOOK.java. Using fallback presentation compiler.
2026.04.25 13:57:27 WARN  Running javac-semanticdb failed for file:///C:/Users/Mac%20Calimba/Documents/GitHub/Project-DiskSched/src/algorithm/CLOOK.java. Output:

2026.04.25 13:57:27 INFO  no build target found for C:\Users\Mac Calimba\Documents\GitHub\Project-DiskSched\src\algorithm\CLOOK.java. Using fallback presentation compiler.
2026.04.25 13:57:28 INFO  no build target found for C:\Users\Mac Calimba\Documents\GitHub\Project-DiskSched\src\algorithm\CLOOK.java. Using fallback presentation compiler.
2026.04.25 13:57:30 INFO  no build target found for C:\Users\Mac Calimba\Documents\GitHub\Project-DiskSched\src\algorithm\CLOOK.java. Using fallback presentation compiler.
2026.04.25 13:57:30 INFO  no build target found for C:\Users\Mac Calimba\Documents\GitHub\Project-DiskSched\src\algorithm\CLOOK.java. Using fallback presentation compiler.
2026.04.25 13:57:34 INFO  no build target found for C:\Users\Mac Calimba\Documents\GitHub\Project-DiskSched\src\algorithm\CLOOK.java. Using fallback presentation compiler.
2026.04.25 13:57:37 INFO  no build target found for C:\Users\Mac Calimba\Documents\GitHub\Project-DiskSched\src\algorithm\CLOOK.java. Using fallback presentation compiler.
2026.04.25 13:57:37 WARN  no build target for: C:\Users\Mac Calimba\Documents\GitHub\Project-DiskSched\src\algorithm\DiskSchedulingAlgorithm.java
2026.04.25 13:57:37 INFO  no build target found for C:\Users\Mac Calimba\Documents\GitHub\Project-DiskSched\src\algorithm\DiskSchedulingAlgorithm.java. Using fallback presentation compiler.
2026.04.25 13:57:38 INFO  no build target found for C:\Users\Mac Calimba\Documents\GitHub\Project-DiskSched\src\algorithm\DiskSchedulingAlgorithm.java. Using fallback presentation compiler.
2026.04.25 13:57:37 INFO  no build target found for C:\Users\Mac Calimba\Documents\GitHub\Project-DiskSched\src\algorithm\DiskSchedulingAlgorithm.java. Using fallback presentation compiler.
2026.04.25 13:57:38 WARN  Running javac-semanticdb failed for file:///C:/Users/Mac%20Calimba/Documents/GitHub/Project-DiskSched/src/algorithm/DiskSchedulingAlgorithm.java. Output:

2026.04.25 13:57:39 INFO  no build target found for C:\Users\Mac Calimba\Documents\GitHub\Project-DiskSched\src\algorithm\DiskSchedulingAlgorithm.java. Using fallback presentation compiler.
2026.04.25 13:57:39 WARN  no build target for: C:\Users\Mac Calimba\Documents\GitHub\Project-DiskSched\src\algorithm\FCFS.java
2026.04.25 13:57:39 INFO  no build target found for C:\Users\Mac Calimba\Documents\GitHub\Project-DiskSched\src\algorithm\FCFS.java. Using fallback presentation compiler.
2026.04.25 13:57:39 INFO  no build target found for C:\Users\Mac Calimba\Documents\GitHub\Project-DiskSched\src\algorithm\FCFS.java. Using fallback presentation compiler.
2026.04.25 13:57:39 INFO  no build target found for C:\Users\Mac Calimba\Documents\GitHub\Project-DiskSched\src\algorithm\FCFS.java. Using fallback presentation compiler.
2026.04.25 13:57:39 WARN  Running javac-semanticdb failed for file:///C:/Users/Mac%20Calimba/Documents/GitHub/Project-DiskSched/src/algorithm/FCFS.java. Output:

2026.04.25 13:57:40 INFO  no build target found for C:\Users\Mac Calimba\Documents\GitHub\Project-DiskSched\src\algorithm\FCFS.java. Using fallback presentation compiler.
2026.04.25 13:57:41 INFO  no build target found for C:\Users\Mac Calimba\Documents\GitHub\Project-DiskSched\src\algorithm\FCFS.java. Using fallback presentation compiler.
2026.04.25 13:57:41 WARN  no build target for: C:\Users\Mac Calimba\Documents\GitHub\Project-DiskSched\src\algorithm\LOOK.java
2026.04.25 13:57:41 INFO  no build target found for C:\Users\Mac Calimba\Documents\GitHub\Project-DiskSched\src\algorithm\LOOK.java. Using fallback presentation compiler.
2026.04.25 13:57:41 INFO  no build target found for C:\Users\Mac Calimba\Documents\GitHub\Project-DiskSched\src\algorithm\LOOK.java. Using fallback presentation compiler.
2026.04.25 13:57:41 INFO  no build target found for C:\Users\Mac Calimba\Documents\GitHub\Project-DiskSched\src\algorithm\LOOK.java. Using fallback presentation compiler.
2026.04.25 13:57:41 WARN  Running javac-semanticdb failed for file:///C:/Users/Mac%20Calimba/Documents/GitHub/Project-DiskSched/src/algorithm/LOOK.java. Output:

2026.04.25 13:57:41 INFO  no build target found for C:\Users\Mac Calimba\Documents\GitHub\Project-DiskSched\src\algorithm\LOOK.java. Using fallback presentation compiler.
2026.04.25 13:57:42 INFO  no build target found for C:\Users\Mac Calimba\Documents\GitHub\Project-DiskSched\src\algorithm\LOOK.java. Using fallback presentation compiler.
2026.04.25 13:57:42 WARN  no build target for: C:\Users\Mac Calimba\Documents\GitHub\Project-DiskSched\src\algorithm\SCAN.java
2026.04.25 13:57:42 INFO  no build target found for C:\Users\Mac Calimba\Documents\GitHub\Project-DiskSched\src\algorithm\SCAN.java. Using fallback presentation compiler.
2026.04.25 13:57:42 INFO  no build target found for C:\Users\Mac Calimba\Documents\GitHub\Project-DiskSched\src\algorithm\SCAN.java. Using fallback presentation compiler.
Apr 25, 2026 1:57:42 PM org.eclipse.lsp4j.jsonrpc.RemoteEndpoint handleCancellation
WARNING: Unmatched cancel notification for request id 50
2026.04.25 13:57:42 INFO  no build target found for C:\Users\Mac Calimba\Documents\GitHub\Project-DiskSched\src\algorithm\SCAN.java. Using fallback presentation compiler.
2026.04.25 13:57:42 WARN  Running javac-semanticdb failed for file:///C:/Users/Mac%20Calimba/Documents/GitHub/Project-DiskSched/src/algorithm/SCAN.java. Output:

2026.04.25 13:57:43 INFO  no build target found for C:\Users\Mac Calimba\Documents\GitHub\Project-DiskSched\src\algorithm\SCAN.java. Using fallback presentation compiler.
2026.04.25 13:57:44 INFO  no build target found for C:\Users\Mac Calimba\Documents\GitHub\Project-DiskSched\src\algorithm\SCAN.java. Using fallback presentation compiler.
2026.04.25 13:57:45 INFO  no build target found for C:\Users\Mac Calimba\Documents\GitHub\Project-DiskSched\src\algorithm\SCAN.java. Using fallback presentation compiler.
2026.04.25 13:57:52 INFO  no build target found for C:\Users\Mac Calimba\Documents\GitHub\Project-DiskSched\src\algorithm\SCAN.java. Using fallback presentation compiler.
2026.04.25 13:57:52 INFO  no build target found for C:\Users\Mac Calimba\Documents\GitHub\Project-DiskSched\src\algorithm\SCAN.java. Using fallback presentation compiler.
2026.04.25 13:57:54 INFO  no build target found for C:\Users\Mac Calimba\Documents\GitHub\Project-DiskSched\src\algorithm\SCAN.java. Using fallback presentation compiler.
2026.04.25 13:57:54 INFO  no build target found for C:\Users\Mac Calimba\Documents\GitHub\Project-DiskSched\src\algorithm\SCAN.java. Using fallback presentation compiler.
2026.04.25 13:57:55 INFO  no build target found for C:\Users\Mac Calimba\Documents\GitHub\Project-DiskSched\src\algorithm\SCAN.java. Using fallback presentation compiler.
2026.04.25 13:57:55 INFO  no build target found for C:\Users\Mac Calimba\Documents\GitHub\Project-DiskSched\src\algorithm\SCAN.java. Using fallback presentation compiler.
2026.04.25 13:57:55 INFO  no build target found for C:\Users\Mac Calimba\Documents\GitHub\Project-DiskSched\src\algorithm\SCAN.java. Using fallback presentation compiler.
2026.04.25 13:57:56 INFO  no build target found for C:\Users\Mac Calimba\Documents\GitHub\Project-DiskSched\src\algorithm\SCAN.java. Using fallback presentation compiler.
2026.04.25 13:57:57 INFO  no build target found for C:\Users\Mac Calimba\Documents\GitHub\Project-DiskSched\src\algorithm\SCAN.java. Using fallback presentation compiler.
2026.04.25 13:58:09 INFO  no build target found for C:\Users\Mac Calimba\Documents\GitHub\Project-DiskSched\src\algorithm\SCAN.java. Using fallback presentation compiler.
2026.04.25 13:58:09 INFO  no build target found for C:\Users\Mac Calimba\Documents\GitHub\Project-DiskSched\src\algorithm\SCAN.java. Using fallback presentation compiler.
Apr 25, 2026 1:58:10 PM org.eclipse.lsp4j.jsonrpc.RemoteEndpoint handleCancellation
WARNING: Unmatched cancel notification for request id 79
Apr 25, 2026 1:58:10 PM org.eclipse.lsp4j.jsonrpc.RemoteEndpoint handleCancellation
WARNING: Unmatched cancel notification for request id 80
2026.04.25 13:58:09 INFO  no build target found for C:\Users\Mac Calimba\Documents\GitHub\Project-DiskSched\src\algorithm\SCAN.java. Using fallback presentation compiler.
2026.04.25 13:58:09 INFO  no build target found for C:\Users\Mac Calimba\Documents\GitHub\Project-DiskSched\src\algorithm\SCAN.java. Using fallback presentation compiler.
Apr 25, 2026 1:58:10 PM org.eclipse.lsp4j.jsonrpc.RemoteEndpoint handleCancellation
WARNING: Unmatched cancel notification for request id 81
2026.04.25 13:58:10 INFO  no build target found for C:\Users\Mac Calimba\Documents\GitHub\Project-DiskSched\src\algorithm\SCAN.java. Using fallback presentation compiler.
2026.04.25 13:58:25 INFO  no build target found for C:\Users\Mac Calimba\Documents\GitHub\Project-DiskSched\src\algorithm\SCAN.java. Using fallback presentation compiler.
2026.04.25 13:58:36 INFO  no build target found for C:\Users\Mac Calimba\Documents\GitHub\Project-DiskSched\src\algorithm\SCAN.java. Using fallback presentation compiler.
2026.04.25 13:58:37 INFO  no build target found for C:\Users\Mac Calimba\Documents\GitHub\Project-DiskSched\src\algorithm\SCAN.java. Using fallback presentation compiler.
2026.04.25 13:59:23 INFO  no build target found for C:\Users\Mac Calimba\Documents\GitHub\Project-DiskSched\src\algorithm\SCAN.java. Using fallback presentation compiler.
2026.04.25 13:59:23 INFO  no build target found for C:\Users\Mac Calimba\Documents\GitHub\Project-DiskSched\src\algorithm\SCAN.java. Using fallback presentation compiler.
2026.04.25 14:04:15 INFO  no build target found for C:\Users\Mac Calimba\Documents\GitHub\Project-DiskSched\src\algorithm\SCAN.java. Using fallback presentation compiler.
2026.04.25 14:04:15 INFO  no build target found for C:\Users\Mac Calimba\Documents\GitHub\Project-DiskSched\src\algorithm\SCAN.java. Using fallback presentation compiler.
2026.04.25 14:04:16 INFO  no build target found for C:\Users\Mac Calimba\Documents\GitHub\Project-DiskSched\src\algorithm\CLOOK.java. Using fallback presentation compiler.
2026.04.25 14:04:16 WARN  no build target for: C:\Users\Mac Calimba\Documents\GitHub\Project-DiskSched\src\algorithm\CLOOK.java
2026.04.25 14:04:16 INFO  no build target found for C:\Users\Mac Calimba\Documents\GitHub\Project-DiskSched\src\algorithm\CLOOK.java. Using fallback presentation compiler.
Apr 25, 2026 2:04:16 PM org.eclipse.lsp4j.jsonrpc.RemoteEndpoint handleCancellation
WARNING: Unmatched cancel notification for request id 94
2026.04.25 14:04:16 INFO  no build target found for C:\Users\Mac Calimba\Documents\GitHub\Project-DiskSched\src\algorithm\CLOOK.java. Using fallback presentation compiler.
Apr 25, 2026 2:04:16 PM org.eclipse.lsp4j.jsonrpc.RemoteEndpoint handleCancellation
WARNING: Unmatched cancel notification for request id 97
2026.04.25 14:04:16 INFO  no build target found for C:\Users\Mac Calimba\Documents\GitHub\Project-DiskSched\src\algorithm\CLOOK.java. Using fallback presentation compiler.
2026.04.25 14:04:16 WARN  Running javac-semanticdb failed for file:///C:/Users/Mac%20Calimba/Documents/GitHub/Project-DiskSched/src/algorithm/CLOOK.java. Output:

2026.04.25 14:04:20 INFO  no build target found for C:\Users\Mac Calimba\Documents\GitHub\Project-DiskSched\src\algorithm\CLOOK.java. Using fallback presentation compiler.
2026.04.25 14:07:57 INFO  no build target found for C:\Users\Mac Calimba\Documents\GitHub\Project-DiskSched\src\algorithm\CLOOK.java. Using fallback presentation compiler.
2026.04.25 14:07:57 WARN  no build target for: C:\Users\Mac Calimba\Documents\GitHub\Project-DiskSched\src\algorithm\CSCAN.java
2026.04.25 14:07:57 INFO  no build target found for C:\Users\Mac Calimba\Documents\GitHub\Project-DiskSched\src\algorithm\CSCAN.java. Using fallback presentation compiler.
Apr 25, 2026 2:07:57 PM org.eclipse.lsp4j.jsonrpc.RemoteEndpoint handleCancellation
WARNING: Unmatched cancel notification for request id 105
2026.04.25 14:07:57 INFO  no build target found for C:\Users\Mac Calimba\Documents\GitHub\Project-DiskSched\src\algorithm\CSCAN.java. Using fallback presentation compiler.
2026.04.25 14:07:57 INFO  no build target found for C:\Users\Mac Calimba\Documents\GitHub\Project-DiskSched\src\algorithm\CSCAN.java. Using fallback presentation compiler.
2026.04.25 14:07:57 WARN  Running javac-semanticdb failed for file:///C:/Users/Mac%20Calimba/Documents/GitHub/Project-DiskSched/src/algorithm/CSCAN.java. Output:

2026.04.25 14:07:58 INFO  no build target found for C:\Users\Mac Calimba\Documents\GitHub\Project-DiskSched\src\algorithm\CSCAN.java. Using fallback presentation compiler.
2026.04.25 14:07:58 INFO  no build target found for C:\Users\Mac Calimba\Documents\GitHub\Project-DiskSched\src\algorithm\CSCAN.java. Using fallback presentation compiler.
2026.04.25 14:07:59 INFO  no build target found for C:\Users\Mac Calimba\Documents\GitHub\Project-DiskSched\src\algorithm\CSCAN.java. Using fallback presentation compiler.
2026.04.25 14:08:01 INFO  no build target found for C:\Users\Mac Calimba\Documents\GitHub\Project-DiskSched\src\algorithm\CSCAN.java. Using fallback presentation compiler.
2026.04.25 14:08:01 INFO  no build target found for C:\Users\Mac Calimba\Documents\GitHub\Project-DiskSched\src\algorithm\CSCAN.java. Using fallback presentation compiler.
2026.04.25 14:08:01 INFO  no build target found for C:\Users\Mac Calimba\Documents\GitHub\Project-DiskSched\src\algorithm\CSCAN.java. Using fallback presentation compiler.
2026.04.25 14:08:50 INFO  no build target found for C:\Users\Mac Calimba\Documents\GitHub\Project-DiskSched\src\algorithm\CSCAN.java. Using fallback presentation compiler.
2026.04.25 14:08:50 INFO  no build target found for C:\Users\Mac Calimba\Documents\GitHub\Project-DiskSched\src\algorithm\CSCAN.java. Using fallback presentation compiler.
2026.04.25 14:08:50 INFO  no build target found for C:\Users\Mac Calimba\Documents\GitHub\Project-DiskSched\src\algorithm\CSCAN.java. Using fallback presentation compiler.
2026.04.25 14:08:50 INFO  no build target found for C:\Users\Mac Calimba\Documents\GitHub\Project-DiskSched\src\algorithm\CSCAN.java. Using fallback presentation compiler.
2026.04.25 14:08:52 INFO  no build target found for C:\Users\Mac Calimba\Documents\GitHub\Project-DiskSched\src\algorithm\CSCAN.java. Using fallback presentation compiler.
2026.04.25 14:08:52 INFO  no build target found for C:\Users\Mac Calimba\Documents\GitHub\Project-DiskSched\src\algorithm\CSCAN.java. Using fallback presentation compiler.
2026.04.25 14:08:52 INFO  no build target found for C:\Users\Mac Calimba\Documents\GitHub\Project-DiskSched\src\algorithm\CSCAN.java. Using fallback presentation compiler.
Apr 25, 2026 2:08:52 PM org.eclipse.lsp4j.jsonrpc.RemoteEndpoint handleCancellation
WARNING: Unmatched cancel notification for request id 122
2026.04.25 14:08:52 INFO  no build target found for C:\Users\Mac Calimba\Documents\GitHub\Project-DiskSched\src\algorithm\CSCAN.java. Using fallback presentation compiler.
2026.04.25 14:08:53 INFO  no build target found for C:\Users\Mac Calimba\Documents\GitHub\Project-DiskSched\src\algorithm\CSCAN.java. Using fallback presentation compiler.
2026.04.25 14:08:53 INFO  no build target found for C:\Users\Mac Calimba\Documents\GitHub\Project-DiskSched\src\algorithm\CSCAN.java. Using fallback presentation compiler.
2026.04.25 14:08:56 INFO  no build target found for C:\Users\Mac Calimba\Documents\GitHub\Project-DiskSched\src\algorithm\CSCAN.java. Using fallback presentation compiler.
2026.04.25 14:08:56 INFO  no build target found for C:\Users\Mac Calimba\Documents\GitHub\Project-DiskSched\src\algorithm\CSCAN.java. Using fallback presentation compiler.
2026.04.25 14:08:58 INFO  no build target found for C:\Users\Mac Calimba\Documents\GitHub\Project-DiskSched\src\algorithm\CSCAN.java. Using fallback presentation compiler.
2026.04.25 14:08:58 INFO  no build target found for C:\Users\Mac Calimba\Documents\GitHub\Project-DiskSched\src\algorithm\CSCAN.java. Using fallback presentation compiler.
2026.04.25 14:08:59 INFO  no build target found for C:\Users\Mac Calimba\Documents\GitHub\Project-DiskSched\src\algorithm\CSCAN.java. Using fallback presentation compiler.
2026.04.25 14:09:00 INFO  no build target found for C:\Users\Mac Calimba\Documents\GitHub\Project-DiskSched\src\algorithm\CSCAN.java. Using fallback presentation compiler.
2026.04.25 14:09:00 INFO  no build target found for C:\Users\Mac Calimba\Documents\GitHub\Project-DiskSched\src\algorithm\CSCAN.java. Using fallback presentation compiler.
2026.04.25 14:09:00 INFO  no build target found for C:\Users\Mac Calimba\Documents\GitHub\Project-DiskSched\src\algorithm\CSCAN.java. Using fallback presentation compiler.
2026.04.25 14:09:01 INFO  no build target found for C:\Users\Mac Calimba\Documents\GitHub\Project-DiskSched\src\algorithm\CSCAN.java. Using fallback presentation compiler.
2026.04.25 14:09:01 INFO  no build target found for C:\Users\Mac Calimba\Documents\GitHub\Project-DiskSched\src\algorithm\CSCAN.java. Using fallback presentation compiler.
2026.04.25 14:09:01 INFO  no build target found for C:\Users\Mac Calimba\Documents\GitHub\Project-DiskSched\src\algorithm\CSCAN.java. Using fallback presentation compiler.
2026.04.25 14:09:03 INFO  no build target found for C:\Users\Mac Calimba\Documents\GitHub\Project-DiskSched\src\algorithm\CSCAN.java. Using fallback presentation compiler.
2026.04.25 14:09:03 INFO  no build target found for C:\Users\Mac Calimba\Documents\GitHub\Project-DiskSched\src\algorithm\CSCAN.java. Using fallback presentation compiler.
2026.04.25 14:09:04 INFO  no build target found for C:\Users\Mac Calimba\Documents\GitHub\Project-DiskSched\src\algorithm\CSCAN.java. Using fallback presentation compiler.
2026.04.25 14:09:04 INFO  no build target found for C:\Users\Mac Calimba\Documents\GitHub\Project-DiskSched\src\algorithm\CSCAN.java. Using fallback presentation compiler.
2026.04.25 14:09:04 INFO  no build target found for C:\Users\Mac Calimba\Documents\GitHub\Project-DiskSched\src\algorithm\CSCAN.java. Using fallback presentation compiler.
2026.04.25 14:09:04 INFO  no build target found for C:\Users\Mac Calimba\Documents\GitHub\Project-DiskSched\src\algorithm\CSCAN.java. Using fallback presentation compiler.
2026.04.25 14:09:04 INFO  no build target found for C:\Users\Mac Calimba\Documents\GitHub\Project-DiskSched\src\algorithm\CSCAN.java. Using fallback presentation compiler.
2026.04.25 14:09:05 INFO  no build target found for C:\Users\Mac Calimba\Documents\GitHub\Project-DiskSched\src\algorithm\CSCAN.java. Using fallback presentation compiler.
2026.04.25 14:09:05 INFO  no build target found for C:\Users\Mac Calimba\Documents\GitHub\Project-DiskSched\src\algorithm\CSCAN.java. Using fallback presentation compiler.
2026.04.25 14:09:06 INFO  no build target found for C:\Users\Mac Calimba\Documents\GitHub\Project-DiskSched\src\algorithm\CSCAN.java. Using fallback presentation compiler.
2026.04.25 14:09:06 INFO  no build target found for C:\Users\Mac Calimba\Documents\GitHub\Project-DiskSched\src\algorithm\CSCAN.java. Using fallback presentation compiler.
2026.04.25 14:09:06 INFO  no build target found for C:\Users\Mac Calimba\Documents\GitHub\Project-DiskSched\src\algorithm\CSCAN.java. Using fallback presentation compiler.
2026.04.25 14:09:08 INFO  no build target found for C:\Users\Mac Calimba\Documents\GitHub\Project-DiskSched\src\algorithm\CSCAN.java. Using fallback presentation compiler.
2026.04.25 14:09:08 INFO  no build target found for C:\Users\Mac Calimba\Documents\GitHub\Project-DiskSched\src\algorithm\CSCAN.java. Using fallback presentation compiler.
Apr 25, 2026 2:09:08 PM org.eclipse.lsp4j.jsonrpc.RemoteEndpoint handleCancellation
WARNING: Unmatched cancel notification for request id 169
2026.04.25 14:09:08 INFO  no build target found for C:\Users\Mac Calimba\Documents\GitHub\Project-DiskSched\src\algorithm\CSCAN.java. Using fallback presentation compiler.
2026.04.25 14:09:08 INFO  no build target found for C:\Users\Mac Calimba\Documents\GitHub\Project-DiskSched\src\algorithm\CSCAN.java. Using fallback presentation compiler.
Apr 25, 2026 2:09:08 PM org.eclipse.lsp4j.jsonrpc.RemoteEndpoint handleCancellation
WARNING: Unmatched cancel notification for request id 172
2026.04.25 14:09:08 INFO  no build target found for C:\Users\Mac Calimba\Documents\GitHub\Project-DiskSched\src\algorithm\CSCAN.java. Using fallback presentation compiler.
2026.04.25 14:09:08 WARN  no build target for: C:\Users\Mac Calimba\Documents\GitHub\Project-DiskSched\src\algorithm\CSCAN.java
2026.04.25 14:09:09 INFO  no build target found for C:\Users\Mac Calimba\Documents\GitHub\Project-DiskSched\src\algorithm\CSCAN.java. Using fallback presentation compiler.
2026.04.25 14:09:09 WARN  Running javac-semanticdb failed for file:///C:/Users/Mac%20Calimba/Documents/GitHub/Project-DiskSched/src/algorithm/CSCAN.java. Output:

2026.04.25 14:09:10 INFO  no build target found for C:\Users\Mac Calimba\Documents\GitHub\Project-DiskSched\src\algorithm\CSCAN.java. Using fallback presentation compiler.
2026.04.25 14:09:11 WARN  no build target for: C:\Users\Mac Calimba\Documents\GitHub\Project-DiskSched\src\algorithm\CSCAN.java
2026.04.25 14:09:11 INFO  no build target found for C:\Users\Mac Calimba\Documents\GitHub\Project-DiskSched\src\algorithm\CSCAN.java. Using fallback presentation compiler.
2026.04.25 14:09:11 WARN  no build target for: C:\Users\Mac Calimba\Documents\GitHub\Project-DiskSched\src\algorithm\CSCAN.java
2026.04.25 14:09:11 INFO  no build target found for C:\Users\Mac Calimba\Documents\GitHub\Project-DiskSched\src\algorithm\CSCAN.java. Using fallback presentation compiler.
2026.04.25 14:10:32 INFO  no build target found for C:\Users\Mac Calimba\Documents\GitHub\Project-DiskSched\src\algorithm\LOOK.java. Using fallback presentation compiler.
2026.04.25 14:10:32 WARN  no build target for: C:\Users\Mac Calimba\Documents\GitHub\Project-DiskSched\src\algorithm\LOOK.java
2026.04.25 14:10:32 INFO  no build target found for C:\Users\Mac Calimba\Documents\GitHub\Project-DiskSched\src\algorithm\LOOK.java. Using fallback presentation compiler.
Apr 25, 2026 2:10:32 PM org.eclipse.lsp4j.jsonrpc.RemoteEndpoint handleCancellation
WARNING: Unmatched cancel notification for request id 196
2026.04.25 14:10:32 INFO  no build target found for C:\Users\Mac Calimba\Documents\GitHub\Project-DiskSched\src\algorithm\LOOK.java. Using fallback presentation compiler.
2026.04.25 14:10:32 WARN  Running javac-semanticdb failed for file:///C:/Users/Mac%20Calimba/Documents/GitHub/Project-DiskSched/src/algorithm/LOOK.java. Output:

2026.04.25 14:10:32 INFO  no build target found for C:\Users\Mac Calimba\Documents\GitHub\Project-DiskSched\src\algorithm\LOOK.java. Using fallback presentation compiler.
2026.04.25 14:10:32 INFO  no build target found for C:\Users\Mac Calimba\Documents\GitHub\Project-DiskSched\src\algorithm\LOOK.java. Using fallback presentation compiler.
2026.04.25 14:10:33 INFO  no build target found for C:\Users\Mac Calimba\Documents\GitHub\Project-DiskSched\src\algorithm\LOOK.java. Using fallback presentation compiler.
2026.04.25 14:10:33 INFO  no build target found for C:\Users\Mac Calimba\Documents\GitHub\Project-DiskSched\src\algorithm\LOOK.java. Using fallback presentation compiler.
2026.04.25 14:10:34 INFO  no build target found for C:\Users\Mac Calimba\Documents\GitHub\Project-DiskSched\src\algorithm\LOOK.java. Using fallback presentation compiler.
2026.04.25 14:10:35 INFO  no build target found for C:\Users\Mac Calimba\Documents\GitHub\Project-DiskSched\src\algorithm\LOOK.java. Using fallback presentation compiler.
2026.04.25 14:11:59 INFO  no build target found for C:\Users\Mac Calimba\Documents\GitHub\Project-DiskSched\src\algorithm\LOOK.java. Using fallback presentation compiler.
2026.04.25 14:11:59 INFO  no build target found for C:\Users\Mac Calimba\Documents\GitHub\Project-DiskSched\src\algorithm\LOOK.java. Using fallback presentation compiler.
2026.04.25 14:11:59 INFO  no build target found for C:\Users\Mac Calimba\Documents\GitHub\Project-DiskSched\src\algorithm\LOOK.java. Using fallback presentation compiler.
2026.04.25 14:11:59 INFO  no build target found for C:\Users\Mac Calimba\Documents\GitHub\Project-DiskSched\src\algorithm\LOOK.java. Using fallback presentation compiler.
Apr 25, 2026 2:12:00 PM org.eclipse.lsp4j.jsonrpc.RemoteEndpoint handleCancellation
WARNING: Unmatched cancel notification for request id 211
2026.04.25 14:11:59 INFO  no build target found for C:\Users\Mac Calimba\Documents\GitHub\Project-DiskSched\src\algorithm\LOOK.java. Using fallback presentation compiler.
2026.04.25 14:12:00 INFO  no build target found for C:\Users\Mac Calimba\Documents\GitHub\Project-DiskSched\src\algorithm\LOOK.java. Using fallback presentation compiler.
2026.04.25 14:12:00 INFO  no build target found for C:\Users\Mac Calimba\Documents\GitHub\Project-DiskSched\src\algorithm\LOOK.java. Using fallback presentation compiler.
2026.04.25 14:12:00 INFO  no build target found for C:\Users\Mac Calimba\Documents\GitHub\Project-DiskSched\src\algorithm\LOOK.java. Using fallback presentation compiler.
2026.04.25 14:12:01 WARN  no build target for: C:\Users\Mac Calimba\Documents\GitHub\Project-DiskSched\src\algorithm\LOOK.java
2026.04.25 14:12:01 INFO  no build target found for C:\Users\Mac Calimba\Documents\GitHub\Project-DiskSched\src\algorithm\LOOK.java. Using fallback presentation compiler.
2026.04.25 14:12:01 INFO  no build target found for C:\Users\Mac Calimba\Documents\GitHub\Project-DiskSched\src\algorithm\LOOK.java. Using fallback presentation compiler.
2026.04.25 14:12:01 WARN  Running javac-semanticdb failed for file:///C:/Users/Mac%20Calimba/Documents/GitHub/Project-DiskSched/src/algorithm/LOOK.java. Output:

2026.04.25 14:12:11 INFO  no build target found for C:\Users\Mac Calimba\Documents\GitHub\Project-DiskSched\src\algorithm\LOOK.java. Using fallback presentation compiler.
2026.04.25 14:12:11 INFO  no build target found for C:\Users\Mac Calimba\Documents\GitHub\Project-DiskSched\src\algorithm\LOOK.java. Using fallback presentation compiler.
2026.04.25 14:12:12 INFO  no build target found for C:\Users\Mac Calimba\Documents\GitHub\Project-DiskSched\src\algorithm\LOOK.java. Using fallback presentation compiler.
2026.04.25 14:12:14 INFO  no build target found for C:\Users\Mac Calimba\Documents\GitHub\Project-DiskSched\src\algorithm\LOOK.java. Using fallback presentation compiler.
2026.04.25 14:12:14 WARN  Running javac-semanticdb failed for file:///C:/Users/Mac%20Calimba/Documents/GitHub/Project-DiskSched/src/algorithm/LOOK.java. Output:

2026.04.25 14:12:14 INFO  no build target found for C:\Users\Mac Calimba\Documents\GitHub\Project-DiskSched\src\algorithm\LOOK.java. Using fallback presentation compiler.
2026.04.25 14:12:14 INFO  no build target found for C:\Users\Mac Calimba\Documents\GitHub\Project-DiskSched\src\algorithm\LOOK.java. Using fallback presentation compiler.
2026.04.25 14:12:14 INFO  no build target found for C:\Users\Mac Calimba\Documents\GitHub\Project-DiskSched\src\algorithm\LOOK.java. Using fallback presentation compiler.
2026.04.25 14:12:14 WARN  Running javac-semanticdb failed for file:///C:/Users/Mac%20Calimba/Documents/GitHub/Project-DiskSched/src/algorithm/LOOK.java. Output:

2026.04.25 14:12:15 INFO  no build target found for C:\Users\Mac Calimba\Documents\GitHub\Project-DiskSched\src\algorithm\LOOK.java. Using fallback presentation compiler.
2026.04.25 14:12:15 WARN  no build target for: C:\Users\Mac Calimba\Documents\GitHub\Project-DiskSched\src\algorithm\LOOK.java
2026.04.25 14:12:15 INFO  no build target found for C:\Users\Mac Calimba\Documents\GitHub\Project-DiskSched\src\algorithm\LOOK.java. Using fallback presentation compiler.
2026.04.25 14:12:15 INFO  no build target found for C:\Users\Mac Calimba\Documents\GitHub\Project-DiskSched\src\algorithm\LOOK.java. Using fallback presentation compiler.
2026.04.25 14:12:16 INFO  no build target found for C:\Users\Mac Calimba\Documents\GitHub\Project-DiskSched\src\algorithm\LOOK.java. Using fallback presentation compiler.
2026.04.25 14:12:16 INFO  no build target found for C:\Users\Mac Calimba\Documents\GitHub\Project-DiskSched\src\algorithm\LOOK.java. Using fallback presentation compiler.
2026.04.25 14:12:16 INFO  no build target found for C:\Users\Mac Calimba\Documents\GitHub\Project-DiskSched\src\algorithm\LOOK.java. Using fallback presentation compiler.
2026.04.25 14:12:16 INFO  no build target found for C:\Users\Mac Calimba\Documents\GitHub\Project-DiskSched\src\algorithm\LOOK.java. Using fallback presentation compiler.
2026.04.25 14:12:17 INFO  no build target found for C:\Users\Mac Calimba\Documents\GitHub\Project-DiskSched\src\algorithm\LOOK.java. Using fallback presentation compiler.
2026.04.25 14:12:17 INFO  no build target found for C:\Users\Mac Calimba\Documents\GitHub\Project-DiskSched\src\algorithm\LOOK.java. Using fallback presentation compiler.
2026.04.25 14:12:17 WARN  Running javac-semanticdb failed for file:///C:/Users/Mac%20Calimba/Documents/GitHub/Project-DiskSched/src/algorithm/LOOK.java. Output:

2026.04.25 14:12:17 INFO  no build target found for C:\Users\Mac Calimba\Documents\GitHub\Project-DiskSched\src\algorithm\LOOK.java. Using fallback presentation compiler.
2026.04.25 14:12:18 WARN  no build target for: C:\Users\Mac Calimba\Documents\GitHub\Project-DiskSched\src\algorithm\LOOK.java
2026.04.25 14:12:18 INFO  no build target found for C:\Users\Mac Calimba\Documents\GitHub\Project-DiskSched\src\algorithm\LOOK.java. Using fallback presentation compiler.
2026.04.25 14:12:18 INFO  no build target found for C:\Users\Mac Calimba\Documents\GitHub\Project-DiskSched\src\algorithm\LOOK.java. Using fallback presentation compiler.
2026.04.25 14:12:18 INFO  no build target found for C:\Users\Mac Calimba\Documents\GitHub\Project-DiskSched\src\algorithm\LOOK.java. Using fallback presentation compiler.
2026.04.25 14:12:18 INFO  no build target found for C:\Users\Mac Calimba\Documents\GitHub\Project-DiskSched\src\algorithm\LOOK.java. Using fallback presentation compiler.
2026.04.25 14:12:19 WARN  Running javac-semanticdb failed for file:///C:/Users/Mac%20Calimba/Documents/GitHub/Project-DiskSched/src/algorithm/LOOK.java. Output:

2026.04.25 14:12:19 INFO  no build target found for C:\Users\Mac Calimba\Documents\GitHub\Project-DiskSched\src\algorithm\LOOK.java. Using fallback presentation compiler.
2026.04.25 14:12:20 WARN  no build target for: C:\Users\Mac Calimba\Documents\GitHub\Project-DiskSched\src\algorithm\LOOK.java
2026.04.25 14:12:20 INFO  no build target found for C:\Users\Mac Calimba\Documents\GitHub\Project-DiskSched\src\algorithm\LOOK.java. Using fallback presentation compiler.
2026.04.25 14:12:20 INFO  no build target found for C:\Users\Mac Calimba\Documents\GitHub\Project-DiskSched\src\algorithm\LOOK.java. Using fallback presentation compiler.
2026.04.25 14:12:20 INFO  no build target found for C:\Users\Mac Calimba\Documents\GitHub\Project-DiskSched\src\algorithm\LOOK.java. Using fallback presentation compiler.
2026.04.25 14:12:20 INFO  no build target found for C:\Users\Mac Calimba\Documents\GitHub\Project-DiskSched\src\algorithm\LOOK.java. Using fallback presentation compiler.
2026.04.25 14:12:21 WARN  Running javac-semanticdb failed for file:///C:/Users/Mac%20Calimba/Documents/GitHub/Project-DiskSched/src/algorithm/LOOK.java. Output:

2026.04.25 14:12:21 INFO  no build target found for C:\Users\Mac Calimba\Documents\GitHub\Project-DiskSched\src\algorithm\LOOK.java. Using fallback presentation compiler.
2026.04.25 14:12:20 INFO  no build target found for C:\Users\Mac Calimba\Documents\GitHub\Project-DiskSched\src\algorithm\LOOK.java. Using fallback presentation compiler.
2026.04.25 14:12:21 INFO  no build target found for C:\Users\Mac Calimba\Documents\GitHub\Project-DiskSched\src\algorithm\LOOK.java. Using fallback presentation compiler.
2026.04.25 14:12:21 WARN  Running javac-semanticdb failed for file:///C:/Users/Mac%20Calimba/Documents/GitHub/Project-DiskSched/src/algorithm/LOOK.java. Output:

2026.04.25 14:12:22 WARN  no build target for: C:\Users\Mac Calimba\Documents\GitHub\Project-DiskSched\src\algorithm\LOOK.java
2026.04.25 14:12:22 INFO  no build target found for C:\Users\Mac Calimba\Documents\GitHub\Project-DiskSched\src\algorithm\LOOK.java. Using fallback presentation compiler.
2026.04.25 14:12:24 WARN  no build target for: C:\Users\Mac Calimba\Documents\GitHub\Project-DiskSched\src\algorithm\LOOK.java
2026.04.25 14:12:24 INFO  no build target found for C:\Users\Mac Calimba\Documents\GitHub\Project-DiskSched\src\algorithm\LOOK.java. Using fallback presentation compiler.
2026.04.25 14:12:24 INFO  no build target found for C:\Users\Mac Calimba\Documents\GitHub\Project-DiskSched\src\algorithm\LOOK.java. Using fallback presentation compiler.
2026.04.25 14:12:24 INFO  no build target found for C:\Users\Mac Calimba\Documents\GitHub\Project-DiskSched\src\algorithm\LOOK.java. Using fallback presentation compiler.
2026.04.25 14:12:24 INFO  no build target found for C:\Users\Mac Calimba\Documents\GitHub\Project-DiskSched\src\algorithm\LOOK.java. Using fallback presentation compiler.
2026.04.25 14:12:24 INFO  no build target found for C:\Users\Mac Calimba\Documents\GitHub\Project-DiskSched\src\algorithm\LOOK.java. Using fallback presentation compiler.
2026.04.25 14:12:24 INFO  no build target found for C:\Users\Mac Calimba\Documents\GitHub\Project-DiskSched\src\algorithm\LOOK.java. Using fallback presentation compiler.
2026.04.25 14:12:24 INFO  no build target found for C:\Users\Mac Calimba\Documents\GitHub\Project-DiskSched\src\algorithm\LOOK.java. Using fallback presentation compiler.
2026.04.25 14:12:24 INFO  no build target found for C:\Users\Mac Calimba\Documents\GitHub\Project-DiskSched\src\algorithm\LOOK.java. Using fallback presentation compiler.
2026.04.25 14:12:24 INFO  Created report: Optional[file:///C:/Users/Mac%20Calimba/Documents/GitHub/Project-DiskSched/src/algorithm/LOOK.java]
2026.04.25 14:12:24 INFO  empty definition using pc, found symbol in pc: java/util/List#size(). (full report at: "C:\Users\Mac Calimba\Documents\GitHub\Project-DiskSched\.metals\.reports\metals-full\2026-04-25\r_empty-definition_14-12-24-429.md")
2026.04.25 14:12:25 INFO  no build target found for C:\Users\Mac Calimba\Documents\GitHub\Project-DiskSched\src\algorithm\CSCAN.java. Using fallback presentation compiler.
2026.04.25 14:12:25 WARN  no build target for: C:\Users\Mac Calimba\Documents\GitHub\Project-DiskSched\src\algorithm\CSCAN.java
2026.04.25 14:12:25 INFO  no build target found for C:\Users\Mac Calimba\Documents\GitHub\Project-DiskSched\src\algorithm\CSCAN.java. Using fallback presentation compiler.
2026.04.25 14:12:25 INFO  no build target found for C:\Users\Mac Calimba\Documents\GitHub\Project-DiskSched\src\algorithm\CSCAN.java. Using fallback presentation compiler.
2026.04.25 14:12:25 INFO  no build target found for C:\Users\Mac Calimba\Documents\GitHub\Project-DiskSched\src\algorithm\CSCAN.java. Using fallback presentation compiler.
2026.04.25 14:12:25 WARN  no build target for: C:\Users\Mac Calimba\Documents\GitHub\Project-DiskSched\src\algorithm\LOOK.java
2026.04.25 14:12:25 INFO  no build target found for C:\Users\Mac Calimba\Documents\GitHub\Project-DiskSched\src\algorithm\CSCAN.java. Using fallback presentation compiler.
2026.04.25 14:12:25 INFO  no build target found for C:\Users\Mac Calimba\Documents\GitHub\Project-DiskSched\src\algorithm\CSCAN.java. Using fallback presentation compiler.
2026.04.25 14:12:25 INFO  no build target found for C:\Users\Mac Calimba\Documents\GitHub\Project-DiskSched\src\algorithm\CSCAN.java. Using fallback presentation compiler.
2026.04.25 14:12:26 INFO  no build target found for C:\Users\Mac Calimba\Documents\GitHub\Project-DiskSched\src\algorithm\CSCAN.java. Using fallback presentation compiler.
2026.04.25 14:12:25 INFO  Created report: Optional[file:///C:/Users/Mac%20Calimba/Documents/GitHub/Project-DiskSched/src/algorithm/CSCAN.java]
2026.04.25 14:12:25 INFO  empty definition using pc, found symbol in pc: java/lang/Math# (full report at: "C:\Users\Mac Calimba\Documents\GitHub\Project-DiskSched\.metals\.reports\metals-full\2026-04-25\r_empty-definition_14-12-26-003.md")
2026.04.25 14:12:27 WARN  no build target for: C:\Users\Mac Calimba\Documents\GitHub\Project-DiskSched\src\algorithm\CSCAN.java
2026.04.25 14:12:27 INFO  no build target found for C:\Users\Mac Calimba\Documents\GitHub\Project-DiskSched\src\algorithm\CSCAN.java. Using fallback presentation compiler.
2026.04.25 14:12:27 INFO  no build target found for C:\Users\Mac Calimba\Documents\GitHub\Project-DiskSched\src\algorithm\CSCAN.java. Using fallback presentation compiler.
2026.04.25 14:13:11 INFO  no build target found for C:\Users\Mac Calimba\Documents\GitHub\Project-DiskSched\src\algorithm\CSCAN.java. Using fallback presentation compiler.
2026.04.25 14:18:14 INFO  no build target found for C:\Users\Mac Calimba\Documents\GitHub\Project-DiskSched\src\algorithm\CSCAN.java. Using fallback presentation compiler.
2026.04.25 14:18:21 INFO  no build target found for C:\Users\Mac Calimba\Documents\GitHub\Project-DiskSched\src\algorithm\CSCAN.java. Using fallback presentation compiler.
2026.04.25 14:18:21 INFO  no build target found for C:\Users\Mac Calimba\Documents\GitHub\Project-DiskSched\src\algorithm\CSCAN.java. Using fallback presentation compiler.
2026.04.25 14:18:22 INFO  no build target found for C:\Users\Mac Calimba\Documents\GitHub\Project-DiskSched\src\algorithm\CSCAN.java. Using fallback presentation compiler.
2026.04.25 14:18:24 INFO  no build target found for C:\Users\Mac Calimba\Documents\GitHub\Project-DiskSched\src\algorithm\CSCAN.java. Using fallback presentation compiler.
2026.04.25 14:18:24 INFO  no build target found for C:\Users\Mac Calimba\Documents\GitHub\Project-DiskSched\src\algorithm\CSCAN.java. Using fallback presentation compiler.
Apr 25, 2026 2:18:24 PM org.eclipse.lsp4j.jsonrpc.RemoteEndpoint handleCancellation
WARNING: Unmatched cancel notification for request id 328
2026.04.25 14:18:24 INFO  no build target found for C:\Users\Mac Calimba\Documents\GitHub\Project-DiskSched\src\algorithm\CSCAN.java. Using fallback presentation compiler.
2026.04.25 14:18:24 WARN  Running javac-semanticdb failed for file:///C:/Users/Mac%20Calimba/Documents/GitHub/Project-DiskSched/src/algorithm/CSCAN.java. Output:

2026.04.25 14:18:26 WARN  no build target for: C:\Users\Mac Calimba\Documents\GitHub\Project-DiskSched\src\algorithm\CSCAN.java
2026.04.25 14:18:26 INFO  no build target found for C:\Users\Mac Calimba\Documents\GitHub\Project-DiskSched\src\algorithm\CSCAN.java. Using fallback presentation compiler.
2026.04.25 14:18:29 INFO  no build target found for C:\Users\Mac Calimba\Documents\GitHub\Project-DiskSched\src\algorithm\CSCAN.java. Using fallback presentation compiler.
2026.04.25 14:18:29 INFO  no build target found for C:\Users\Mac Calimba\Documents\GitHub\Project-DiskSched\src\algorithm\CSCAN.java. Using fallback presentation compiler.
2026.04.25 14:18:29 INFO  no build target found for C:\Users\Mac Calimba\Documents\GitHub\Project-DiskSched\src\algorithm\CSCAN.java. Using fallback presentation compiler.
2026.04.25 14:18:31 INFO  no build target found for C:\Users\Mac Calimba\Documents\GitHub\Project-DiskSched\src\algorithm\CSCAN.java. Using fallback presentation compiler.
2026.04.25 14:18:31 INFO  no build target found for C:\Users\Mac Calimba\Documents\GitHub\Project-DiskSched\src\algorithm\CSCAN.java. Using fallback presentation compiler.
Apr 25, 2026 2:18:31 PM org.eclipse.lsp4j.jsonrpc.RemoteEndpoint handleCancellation
WARNING: Unmatched cancel notification for request id 347
Apr 25, 2026 2:18:31 PM org.eclipse.lsp4j.jsonrpc.RemoteEndpoint handleCancellation
WARNING: Unmatched cancel notification for request id 348
Apr 25, 2026 2:18:31 PM org.eclipse.lsp4j.jsonrpc.RemoteEndpoint handleCancellation
WARNING: Unmatched cancel notification for request id 349
2026.04.25 14:18:31 INFO  no build target found for C:\Users\Mac Calimba\Documents\GitHub\Project-DiskSched\src\algorithm\CSCAN.java. Using fallback presentation compiler.
Apr 25, 2026 2:18:31 PM org.eclipse.lsp4j.jsonrpc.RemoteEndpoint handleCancellation
WARNING: Unmatched cancel notification for request id 354
2026.04.25 14:18:31 WARN  no build target for: C:\Users\Mac Calimba\Documents\GitHub\Project-DiskSched\src\algorithm\CSCAN.java
2026.04.25 14:18:32 WARN  Running javac-semanticdb failed for file:///C:/Users/Mac%20Calimba/Documents/GitHub/Project-DiskSched/src/algorithm/CSCAN.java. Output:

2026.04.25 14:18:32 INFO  no build target found for C:\Users\Mac Calimba\Documents\GitHub\Project-DiskSched\src\algorithm\CSCAN.java. Using fallback presentation compiler.
2026.04.25 14:18:33 INFO  no build target found for C:\Users\Mac Calimba\Documents\GitHub\Project-DiskSched\src\algorithm\CSCAN.java. Using fallback presentation compiler.
2026.04.25 14:18:35 INFO  no build target found for C:\Users\Mac Calimba\Documents\GitHub\Project-DiskSched\src\algorithm\CSCAN.java. Using fallback presentation compiler.
2026.04.25 14:18:35 INFO  no build target found for C:\Users\Mac Calimba\Documents\GitHub\Project-DiskSched\src\algorithm\CSCAN.java. Using fallback presentation compiler.
2026.04.25 14:18:36 INFO  no build target found for C:\Users\Mac Calimba\Documents\GitHub\Project-DiskSched\src\algorithm\CSCAN.java. Using fallback presentation compiler.
2026.04.25 14:18:36 WARN  no build target for: C:\Users\Mac Calimba\Documents\GitHub\Project-DiskSched\src\algorithm\CSCAN.java
2026.04.25 14:18:36 INFO  no build target found for C:\Users\Mac Calimba\Documents\GitHub\Project-DiskSched\src\algorithm\CSCAN.java. Using fallback presentation compiler.
2026.04.25 14:18:36 INFO  no build target found for C:\Users\Mac Calimba\Documents\GitHub\Project-DiskSched\src\algorithm\CSCAN.java. Using fallback presentation compiler.
2026.04.25 14:18:36 INFO  no build target found for C:\Users\Mac Calimba\Documents\GitHub\Project-DiskSched\src\algorithm\CSCAN.java. Using fallback presentation compiler.
2026.04.25 14:18:36 INFO  no build target found for C:\Users\Mac Calimba\Documents\GitHub\Project-DiskSched\src\algorithm\CSCAN.java. Using fallback presentation compiler.
2026.04.25 14:18:36 INFO  no build target found for C:\Users\Mac Calimba\Documents\GitHub\Project-DiskSched\src\algorithm\CSCAN.java. Using fallback presentation compiler.
2026.04.25 14:18:36 INFO  no build target found for C:\Users\Mac Calimba\Documents\GitHub\Project-DiskSched\src\algorithm\CSCAN.java. Using fallback presentation compiler.
2026.04.25 14:18:36 WARN  no build target for: C:\Users\Mac Calimba\Documents\GitHub\Project-DiskSched\src\algorithm\CSCAN.java
2026.04.25 14:18:36 INFO  no build target found for C:\Users\Mac Calimba\Documents\GitHub\Project-DiskSched\src\algorithm\CSCAN.java. Using fallback presentation compiler.
2026.04.25 14:18:36 INFO  no build target found for C:\Users\Mac Calimba\Documents\GitHub\Project-DiskSched\src\algorithm\CSCAN.java. Using fallback presentation compiler.
2026.04.25 14:18:36 INFO  no build target found for C:\Users\Mac Calimba\Documents\GitHub\Project-DiskSched\src\algorithm\CSCAN.java. Using fallback presentation compiler.
2026.04.25 14:18:36 INFO  no build target found for C:\Users\Mac Calimba\Documents\GitHub\Project-DiskSched\src\algorithm\CSCAN.java. Using fallback presentation compiler.
2026.04.25 14:18:36 WARN  no build target for: C:\Users\Mac Calimba\Documents\GitHub\Project-DiskSched\src\algorithm\CSCAN.java
2026.04.25 14:18:36 INFO  no build target found for C:\Users\Mac Calimba\Documents\GitHub\Project-DiskSched\src\algorithm\CSCAN.java. Using fallback presentation compiler.
2026.04.25 14:18:36 INFO  no build target found for C:\Users\Mac Calimba\Documents\GitHub\Project-DiskSched\src\algorithm\CSCAN.java. Using fallback presentation compiler.
2026.04.25 14:18:36 INFO  no build target found for C:\Users\Mac Calimba\Documents\GitHub\Project-DiskSched\src\algorithm\CSCAN.java. Using fallback presentation compiler.
2026.04.25 14:18:37 INFO  no build target found for C:\Users\Mac Calimba\Documents\GitHub\Project-DiskSched\src\algorithm\CSCAN.java. Using fallback presentation compiler.
2026.04.25 14:18:37 INFO  no build target found for C:\Users\Mac Calimba\Documents\GitHub\Project-DiskSched\src\algorithm\CSCAN.java. Using fallback presentation compiler.
2026.04.25 14:18:36 INFO  Created report: Optional[file:///C:/Users/Mac%20Calimba/Documents/GitHub/Project-DiskSched/src/algorithm/CSCAN.java]
2026.04.25 14:18:36 INFO  empty definition using pc, found symbol in pc: java/util/List#size(). (full report at: "C:\Users\Mac Calimba\Documents\GitHub\Project-DiskSched\.metals\.reports\metals-full\2026-04-25\r_empty-definition_14-18-37-161.md")
2026.04.25 14:18:36 INFO  Created report: Optional[file:///C:/Users/Mac%20Calimba/Documents/GitHub/Project-DiskSched/src/algorithm/CSCAN.java]
2026.04.25 14:18:36 INFO  empty definition using pc, found symbol in pc: _empty_/Array#length. (full report at: "C:\Users\Mac Calimba\Documents\GitHub\Project-DiskSched\.metals\.reports\metals-full\2026-04-25\r_empty-definition_14-18-37-229.md")
2026.04.25 14:18:37 WARN  no build target for: C:\Users\Mac Calimba\Documents\GitHub\Project-DiskSched\src\algorithm\CSCAN.java
2026.04.25 14:18:38 INFO  no build target found for C:\Users\Mac Calimba\Documents\GitHub\Project-DiskSched\src\algorithm\CSCAN.java. Using fallback presentation compiler.
2026.04.25 14:18:41 INFO  no build target found for C:\Users\Mac Calimba\Documents\GitHub\Project-DiskSched\src\algorithm\LOOK.java. Using fallback presentation compiler.
2026.04.25 14:18:41 WARN  no build target for: C:\Users\Mac Calimba\Documents\GitHub\Project-DiskSched\src\algorithm\LOOK.java
2026.04.25 14:18:41 INFO  no build target found for C:\Users\Mac Calimba\Documents\GitHub\Project-DiskSched\src\algorithm\LOOK.java. Using fallback presentation compiler.
2026.04.25 14:18:45 INFO  no build target found for C:\Users\Mac Calimba\Documents\GitHub\Project-DiskSched\src\algorithm\LOOK.java. Using fallback presentation compiler.
2026.04.25 14:18:45 INFO  no build target found for C:\Users\Mac Calimba\Documents\GitHub\Project-DiskSched\src\algorithm\LOOK.java. Using fallback presentation compiler.
2026.04.25 14:18:45 INFO  no build target found for C:\Users\Mac Calimba\Documents\GitHub\Project-DiskSched\src\algorithm\LOOK.java. Using fallback presentation compiler.
2026.04.25 14:18:45 WARN  no build target for: C:\Users\Mac Calimba\Documents\GitHub\Project-DiskSched\src\algorithm\LOOK.java
2026.04.25 14:18:45 INFO  no build target found for C:\Users\Mac Calimba\Documents\GitHub\Project-DiskSched\src\algorithm\LOOK.java. Using fallback presentation compiler.
2026.04.25 14:18:45 WARN  no build target for: C:\Users\Mac Calimba\Documents\GitHub\Project-DiskSched\src\algorithm\LOOK.java
2026.04.25 14:18:46 INFO  no build target found for C:\Users\Mac Calimba\Documents\GitHub\Project-DiskSched\src\algorithm\LOOK.java. Using fallback presentation compiler.
2026.04.25 14:18:46 INFO  no build target found for C:\Users\Mac Calimba\Documents\GitHub\Project-DiskSched\src\algorithm\LOOK.java. Using fallback presentation compiler.
2026.04.25 14:18:46 INFO  no build target found for C:\Users\Mac Calimba\Documents\GitHub\Project-DiskSched\src\algorithm\LOOK.java. Using fallback presentation compiler.
2026.04.25 14:18:46 WARN  no build target for: C:\Users\Mac Calimba\Documents\GitHub\Project-DiskSched\src\algorithm\LOOK.java
2026.04.25 14:18:45 INFO  no build target found for C:\Users\Mac Calimba\Documents\GitHub\Project-DiskSched\src\algorithm\LOOK.java. Using fallback presentation compiler.
2026.04.25 14:18:45 INFO  no build target found for C:\Users\Mac Calimba\Documents\GitHub\Project-DiskSched\src\algorithm\LOOK.java. Using fallback presentation compiler.
2026.04.25 14:18:45 INFO  no build target found for C:\Users\Mac Calimba\Documents\GitHub\Project-DiskSched\src\algorithm\LOOK.java. Using fallback presentation compiler.
2026.04.25 14:18:47 INFO  no build target found for C:\Users\Mac Calimba\Documents\GitHub\Project-DiskSched\src\algorithm\CSCAN.java. Using fallback presentation compiler.
2026.04.25 14:18:46 WARN  no build target for: C:\Users\Mac Calimba\Documents\GitHub\Project-DiskSched\src\algorithm\CSCAN.java
2026.04.25 14:18:47 INFO  no build target found for C:\Users\Mac Calimba\Documents\GitHub\Project-DiskSched\src\algorithm\CSCAN.java. Using fallback presentation compiler.
2026.04.25 14:18:47 WARN  no build target for: C:\Users\Mac Calimba\Documents\GitHub\Project-DiskSched\src\algorithm\CSCAN.java
2026.04.25 14:18:47 INFO  no build target found for C:\Users\Mac Calimba\Documents\GitHub\Project-DiskSched\src\algorithm\CSCAN.java. Using fallback presentation compiler.
2026.04.25 14:18:47 WARN  no build target for: C:\Users\Mac Calimba\Documents\GitHub\Project-DiskSched\src\algorithm\CSCAN.java
2026.04.25 14:18:47 INFO  no build target found for C:\Users\Mac Calimba\Documents\GitHub\Project-DiskSched\src\algorithm\CSCAN.java. Using fallback presentation compiler.
2026.04.25 14:18:48 WARN  no build target for: C:\Users\Mac Calimba\Documents\GitHub\Project-DiskSched\src\algorithm\CLOOK.java
2026.04.25 14:18:48 INFO  no build target found for C:\Users\Mac Calimba\Documents\GitHub\Project-DiskSched\src\algorithm\CLOOK.java. Using fallback presentation compiler.
2026.04.25 14:18:48 WARN  Running javac-semanticdb failed for file:///C:/Users/Mac%20Calimba/Documents/GitHub/Project-DiskSched/src/algorithm/CLOOK.java. Output:

2026.04.25 14:18:48 INFO  no build target found for C:\Users\Mac Calimba\Documents\GitHub\Project-DiskSched\src\algorithm\CLOOK.java. Using fallback presentation compiler.
2026.04.25 14:18:48 INFO  no build target found for C:\Users\Mac Calimba\Documents\GitHub\Project-DiskSched\src\algorithm\CLOOK.java. Using fallback presentation compiler.
2026.04.25 14:18:48 INFO  no build target found for C:\Users\Mac Calimba\Documents\GitHub\Project-DiskSched\src\algorithm\CLOOK.java. Using fallback presentation compiler.
2026.04.25 14:18:50 INFO  no build target found for C:\Users\Mac Calimba\Documents\GitHub\Project-DiskSched\src\algorithm\CLOOK.java. Using fallback presentation compiler.
2026.04.25 14:18:51 INFO  no build target found for C:\Users\Mac Calimba\Documents\GitHub\Project-DiskSched\src\algorithm\CLOOK.java. Using fallback presentation compiler.
2026.04.25 14:18:51 WARN  no build target for: C:\Users\Mac Calimba\Documents\GitHub\Project-DiskSched\src\algorithm\DiskSchedulingAlgorithm.java
2026.04.25 14:18:51 INFO  no build target found for C:\Users\Mac Calimba\Documents\GitHub\Project-DiskSched\src\algorithm\DiskSchedulingAlgorithm.java. Using fallback presentation compiler.
2026.04.25 14:18:51 INFO  no build target found for C:\Users\Mac Calimba\Documents\GitHub\Project-DiskSched\src\algorithm\DiskSchedulingAlgorithm.java. Using fallback presentation compiler.
2026.04.25 14:18:51 INFO  no build target found for C:\Users\Mac Calimba\Documents\GitHub\Project-DiskSched\src\algorithm\DiskSchedulingAlgorithm.java. Using fallback presentation compiler.
2026.04.25 14:18:51 WARN  Running javac-semanticdb failed for file:///C:/Users/Mac%20Calimba/Documents/GitHub/Project-DiskSched/src/algorithm/DiskSchedulingAlgorithm.java. Output:

2026.04.25 14:18:51 INFO  no build target found for C:\Users\Mac Calimba\Documents\GitHub\Project-DiskSched\src\algorithm\DiskSchedulingAlgorithm.java. Using fallback presentation compiler.
2026.04.25 14:18:51 WARN  no build target for: C:\Users\Mac Calimba\Documents\GitHub\Project-DiskSched\src\algorithm\FCFS.java
2026.04.25 14:18:51 INFO  no build target found for C:\Users\Mac Calimba\Documents\GitHub\Project-DiskSched\src\algorithm\FCFS.java. Using fallback presentation compiler.
2026.04.25 14:18:52 INFO  no build target found for C:\Users\Mac Calimba\Documents\GitHub\Project-DiskSched\src\algorithm\FCFS.java. Using fallback presentation compiler.
2026.04.25 14:18:52 WARN  Running javac-semanticdb failed for file:///C:/Users/Mac%20Calimba/Documents/GitHub/Project-DiskSched/src/algorithm/FCFS.java. Output:

2026.04.25 14:18:51 INFO  no build target found for C:\Users\Mac Calimba\Documents\GitHub\Project-DiskSched\src\algorithm\FCFS.java. Using fallback presentation compiler.
2026.04.25 14:18:53 INFO  no build target found for C:\Users\Mac Calimba\Documents\GitHub\Project-DiskSched\src\algorithm\FCFS.java. Using fallback presentation compiler.
2026.04.25 14:18:54 INFO  no build target found for C:\Users\Mac Calimba\Documents\GitHub\Project-DiskSched\src\algorithm\FCFS.java. Using fallback presentation compiler.
2026.04.25 14:18:55 INFO  no build target found for C:\Users\Mac Calimba\Documents\GitHub\Project-DiskSched\src\algorithm\FCFS.java. Using fallback presentation compiler.
2026.04.25 14:19:00 INFO  no build target found for C:\Users\Mac Calimba\Documents\GitHub\Project-DiskSched\src\algorithm\CSCAN.java. Using fallback presentation compiler.
2026.04.25 14:19:00 WARN  no build target for: C:\Users\Mac Calimba\Documents\GitHub\Project-DiskSched\src\algorithm\CSCAN.java
2026.04.25 14:19:00 INFO  no build target found for C:\Users\Mac Calimba\Documents\GitHub\Project-DiskSched\src\algorithm\CSCAN.java. Using fallback presentation compiler.
